

times in msec
 clock   self+sourced   self:  sourced script
 clock   elapsed:              other lines

000.007  000.007: --- NVIM STARTING ---
000.814  000.807: locale set
001.405  000.591: inits 1
001.426  000.021: window checked
001.429  000.004: parsing arguments
002.269  000.839: init lua interpreter
002.833  000.564: expanding arguments
002.921  000.089: inits 2
003.622  000.701: init highlight
003.626  000.004: waiting for UI
006.350  002.724: done waiting for UI
006.362  000.012: init screen for UI
006.409  000.047: init default mappings
006.455  000.046: init default autocommands
010.483  000.411  000.411: sourcing /opt/homebrew/Cellar/neovim/HEAD-c5720c7/share/nvim/runtime/ftplugin.vim
011.298  000.257  000.257: sourcing /opt/homebrew/Cellar/neovim/HEAD-c5720c7/share/nvim/runtime/indent.vim
025.157  000.549  000.549: sourcing /Users/scc/.config/nvim/config/mappings.vim
077.576  066.063  065.514: sourcing /Users/scc/.config/nvim/init.lua
077.594  004.407: sourcing vimrc file(s)
078.275  000.218  000.218: sourcing /opt/homebrew/Cellar/neovim/HEAD-c5720c7/share/nvim/runtime/filetype.lua
082.132  000.129  000.129: sourcing /Users/scc/.local/share/nvim/site/pack/packer/start/LuaSnip/ftdetect/snippets.vim
082.507  000.114  000.114: sourcing /Users/scc/.local/share/nvim/site/pack/packer/start/vim-fugitive/ftdetect/fugitive.vim
082.756  004.447  004.203: sourcing /opt/homebrew/Cellar/neovim/HEAD-c5720c7/share/nvim/runtime/filetype.vim
083.294  000.129  000.129: sourcing /opt/homebrew/Cellar/neovim/HEAD-c5720c7/share/nvim/runtime/syntax/synload.vim
083.368  000.525  000.396: sourcing /opt/homebrew/Cellar/neovim/HEAD-c5720c7/share/nvim/runtime/syntax/syntax.vim
084.878  000.195  000.195: sourcing /opt/homebrew/Cellar/neovim/HEAD-c5720c7/share/nvim/runtime/plugin/gzip.vim
084.997  000.091  000.091: sourcing /opt/homebrew/Cellar/neovim/HEAD-c5720c7/share/nvim/runtime/plugin/health.vim
085.117  000.093  000.093: sourcing /opt/homebrew/Cellar/neovim/HEAD-c5720c7/share/nvim/runtime/plugin/man.vim
085.736  000.259  000.259: sourcing /opt/homebrew/Cellar/neovim/HEAD-c5720c7/share/nvim/runtime/pack/dist/opt/matchit/plugin/matchit.vim
085.823  000.682  000.423: sourcing /opt/homebrew/Cellar/neovim/HEAD-c5720c7/share/nvim/runtime/plugin/matchit.vim
086.028  000.178  000.178: sourcing /opt/homebrew/Cellar/neovim/HEAD-c5720c7/share/nvim/runtime/plugin/matchparen.vim
086.353  000.301  000.301: sourcing /opt/homebrew/Cellar/neovim/HEAD-c5720c7/share/nvim/runtime/plugin/netrwPlugin.vim
088.584  000.264  000.264: sourcing /opt/homebrew/Cellar/neovim/HEAD-c5720c7/share/nvim/runtime/autoload/remote/host.vim
089.009  000.261  000.261: sourcing /opt/homebrew/Cellar/neovim/HEAD-c5720c7/share/nvim/runtime/autoload/remote/define.vim
089.054  002.543  002.019: sourcing /Users/scc/.local/share/nvim/rplugin.vim
089.058  002.670  000.127: sourcing /opt/homebrew/Cellar/neovim/HEAD-c5720c7/share/nvim/runtime/plugin/rplugin.vim
089.155  000.065  000.065: sourcing /opt/homebrew/Cellar/neovim/HEAD-c5720c7/share/nvim/runtime/plugin/shada.vim
089.217  000.031  000.031: sourcing /opt/homebrew/Cellar/neovim/HEAD-c5720c7/share/nvim/runtime/plugin/spellfile.vim
089.331  000.080  000.080: sourcing /opt/homebrew/Cellar/neovim/HEAD-c5720c7/share/nvim/runtime/plugin/tarPlugin.vim
089.518  000.156  000.156: sourcing /opt/homebrew/Cellar/neovim/HEAD-c5720c7/share/nvim/runtime/plugin/tohtml.vim
089.587  000.038  000.038: sourcing /opt/homebrew/Cellar/neovim/HEAD-c5720c7/share/nvim/runtime/plugin/tutor.vim
089.718  000.101  000.101: sourcing /opt/homebrew/Cellar/neovim/HEAD-c5720c7/share/nvim/runtime/plugin/zipPlugin.vim
090.097  002.632: loading rtp plugins
092.088  000.999  000.999: sourcing /Users/scc/.local/share/nvim/site/pack/packer/start/defx-icons/plugin/defx_icons.vim
092.648  000.126  000.126: sourcing /Users/scc/.local/share/nvim/site/pack/packer/start/defx.nvim/plugin/defx.vim
093.198  000.149  000.149: sourcing /Users/scc/.local/share/nvim/site/pack/packer/start/diffview.nvim/plugin/diffview.lua
093.560  000.119  000.119: sourcing /Users/scc/.local/share/nvim/site/pack/packer/start/formatter.nvim/plugin/formatter.vim
094.184  000.152  000.152: sourcing /Users/scc/.local/share/nvim/site/pack/packer/start/harpoon/plugin/mark.vim
094.749  000.242  000.242: sourcing /Users/scc/.local/share/nvim/site/pack/packer/start/LuaSnip/plugin/luasnip.vim
095.498  000.353  000.353: sourcing /Users/scc/.local/share/nvim/site/pack/packer/start/nvim-cmp/plugin/cmp.lua
095.778  000.164  000.164: sourcing /Users/scc/.local/share/nvim/site/pack/packer/start/nvim-colorizer.lua/plugin/colorizer.vim
096.323  000.161  000.161: sourcing /Users/scc/.local/share/nvim/site/pack/packer/start/nvim-lspconfig/plugin/lspconfig.vim
097.565  000.703  000.703: sourcing /Users/scc/.local/share/nvim/site/pack/packer/start/nvim-treesitter/plugin/nvim-treesitter.lua
098.162  000.225  000.225: sourcing /Users/scc/.local/share/nvim/site/pack/packer/start/nvim-ts-context-commentstring/plugin/ts_context_commentstring.vim
098.482  000.150  000.150: sourcing /Users/scc/.local/share/nvim/site/pack/packer/start/nvim-web-devicons/plugin/nvim-web-devicons.vim
100.657  001.738  001.738: sourcing /Users/scc/.local/share/nvim/site/pack/packer/start/packer.nvim/plugin/packer_compiled.lua
101.173  000.156  000.156: sourcing /Users/scc/.local/share/nvim/site/pack/packer/start/plenary.nvim/plugin/plenary.vim
101.676  000.108  000.108: sourcing /Users/scc/.local/share/nvim/site/pack/packer/start/splitjoin.vim/autoload/sj/settings.vim
101.788  000.449  000.340: sourcing /Users/scc/.local/share/nvim/site/pack/packer/start/splitjoin.vim/plugin/splitjoin.vim
102.357  000.252  000.252: sourcing /Users/scc/.local/share/nvim/site/pack/packer/start/telescope.nvim/plugin/telescope.lua
102.708  000.139  000.139: sourcing /Users/scc/.local/share/nvim/site/pack/packer/start/toggleterm.nvim/plugin/toggleterm.vim
103.218  000.141  000.141: sourcing /Users/scc/.local/share/nvim/site/pack/packer/start/trouble.nvim/plugin/trouble.vim
104.380  001.000  001.000: sourcing /Users/scc/.local/share/nvim/site/pack/packer/start/vim-fugitive/plugin/fugitive.vim
105.549  000.488  000.488: sourcing /Users/scc/.local/share/nvim/site/pack/packer/start/vim-visual-multi/autoload/vm/plugs.vim
106.051  000.237  000.237: sourcing /Users/scc/.local/share/nvim/site/pack/packer/start/vim-visual-multi/autoload/vm/maps.vim
106.385  000.197  000.197: sourcing /Users/scc/.local/share/nvim/site/pack/packer/start/vim-visual-multi/autoload/vm/maps/all.vim
106.962  002.179  001.257: sourcing /Users/scc/.local/share/nvim/site/pack/packer/start/vim-visual-multi/plugin/visual-multi.vim
107.090  007.396: loading packages
107.870  000.147  000.147: sourcing /Users/scc/.local/share/nvim/site/pack/packer/start/defx.nvim/autoload/defx/custom.vim
108.268  000.327  000.327: sourcing /Users/scc/.local/share/nvim/site/pack/packer/start/defx.nvim/autoload/defx/util.vim
108.321  000.838  000.365: sourcing /Users/scc/.config/nvim/after/plugin/defx.rc.vim
108.757  000.341  000.341: sourcing /Users/scc/.local/share/nvim/site/pack/packer/start/cmp-buffer/after/plugin/cmp_buffer.lua
109.046  000.194  000.194: sourcing /Users/scc/.local/share/nvim/site/pack/packer/start/cmp-cmdline/after/plugin/cmp_cmdline.lua
109.268  000.129  000.129: sourcing /Users/scc/.local/share/nvim/site/pack/packer/start/cmp-nvim-lsp/after/plugin/cmp_nvim_lsp.lua
109.541  000.181  000.181: sourcing /Users/scc/.local/share/nvim/site/pack/packer/start/cmp-path/after/plugin/cmp_path.lua
109.813  000.180  000.180: sourcing /Users/scc/.local/share/nvim/site/pack/packer/start/cmp_luasnip/after/plugin/cmp_luasnip.lua
109.870  000.917: loading after plugins
109.876  000.006: inits 3
111.956  002.080: reading ShaDa
112.342  000.386: opening buffers
112.792  000.449: BufEnter autocommands
112.793  000.001: editing files in windows
113.281  000.488: VimEnter autocommands
113.282  000.001: UIEnter autocommands
113.717  000.265  000.265: sourcing /opt/homebrew/Cellar/neovim/HEAD-c5720c7/share/nvim/runtime/autoload/provider/clipboard.vim
113.722  000.176: before starting main loop
115.585  001.863: first screen update
115.586  000.001: --- NVIM STARTED ---
